2025-07-11 09:53:52,724 - INFO - Browser initialized successfully
2025-07-11 09:53:52,964 - INFO - Browser initialized successfully
2025-07-11 09:53:52,968 - DEBUG - GETCONF __owningcontrollerprocess (runtime: 0.0003)
2025-07-11 09:53:52,974 - INFO - ✅ Tor IP rotated.
2025-07-11 09:53:52,974 - INFO - Error while receiving a control message (SocketClosed): received exception "read of closed file"
2025-07-11 09:53:54,262 - INFO - IP từ proxy_port 9050 và ControlPort 9051 là unknown
2025-07-11 09:53:54,271 - DEBUG - GETCONF __owningcontrollerprocess (runtime: 0.0002)
2025-07-11 09:53:54,275 - INFO - ✅ Tor IP rotated.
2025-07-11 09:53:54,276 - INFO - Error while receiving a control message (SocketClosed): received exception "read of closed file"
2025-07-11 09:53:55,849 - INFO - IP từ proxy_port 9052 và ControlPort 9053 là 104.244.73.43
2025-07-11 09:53:55,852 - DEBUG - GETCONF __owningcontrollerprocess (runtime: 0.0001)
2025-07-11 09:53:55,857 - INFO - ✅ Tor IP rotated.
2025-07-11 09:53:55,857 - INFO - Error while receiving a control message (SocketClosed): received exception "read of closed file"
2025-07-11 09:53:57,410 - INFO - IP từ proxy_port 9054 và ControlPort 9055 là 178.17.174.14
2025-07-11 09:53:57,413 - DEBUG - GETCONF __owningcontrollerprocess (runtime: 0.0002)
2025-07-11 09:53:57,418 - INFO - ✅ Tor IP rotated.
2025-07-11 09:53:57,418 - INFO - Error while receiving a control message (SocketClosed): received exception "read of closed file"
2025-07-11 09:53:58,917 - INFO - IP từ proxy_port 9056 và ControlPort 9057 là unknown
2025-07-11 09:53:58,920 - DEBUG - GETCONF __owningcontrollerprocess (runtime: 0.0004)
2025-07-11 09:53:58,926 - INFO - ✅ Tor IP rotated.
2025-07-11 09:53:58,926 - INFO - Error while receiving a control message (SocketClosed): received exception "read of closed file"
2025-07-11 09:54:00,279 - INFO - IP từ proxy_port 9058 và ControlPort 9059 là 193.32.162.104
2025-07-11 09:54:00,281 - INFO - Context luxirty0 created
2025-07-11 09:54:00,286 - INFO - Context luxirty1 created
2025-07-11 09:54:00,289 - INFO - Context luxirty2 created
2025-07-11 09:54:00,293 - INFO - Context luxirty3 created
2025-07-11 09:54:00,296 - INFO - Context luxirty4 created
2025-07-11 09:54:00,298 - DEBUG - GETCONF __owningcontrollerprocess (runtime: 0.0001)
2025-07-11 09:54:00,302 - INFO - ✅ Tor IP rotated.
2025-07-11 09:54:00,303 - INFO - Error while receiving a control message (SocketClosed): received exception "read of closed file"
2025-07-11 09:54:02,156 - INFO - IP từ proxy_port 9060 và ControlPort 9061 là 172.105.20.12
2025-07-11 09:54:02,164 - DEBUG - GETCONF __owningcontrollerprocess (runtime: 0.0001)
2025-07-11 09:54:02,168 - INFO - ✅ Tor IP rotated.
2025-07-11 09:54:02,168 - INFO - Error while receiving a control message (SocketClosed): received exception "read of closed file"
2025-07-11 09:54:03,700 - INFO - IP từ proxy_port 9062 và ControlPort 9063 là 185.40.4.101
2025-07-11 09:54:03,706 - DEBUG - GETCONF __owningcontrollerprocess (runtime: 0.0002)
2025-07-11 09:54:03,710 - INFO - ✅ Tor IP rotated.
2025-07-11 09:54:03,710 - INFO - Error while receiving a control message (SocketClosed): received exception "read of closed file"
2025-07-11 09:54:04,955 - INFO - IP từ proxy_port 9064 và ControlPort 9065 là 109.71.252.88
2025-07-11 09:54:04,958 - DEBUG - GETCONF __owningcontrollerprocess (runtime: 0.0002)
2025-07-11 09:54:04,962 - INFO - ✅ Tor IP rotated.
2025-07-11 09:54:04,962 - INFO - Error while receiving a control message (SocketClosed): received exception "read of closed file"
2025-07-11 09:54:06,546 - INFO - IP từ proxy_port 9066 và ControlPort 9067 là 204.8.96.120
2025-07-11 09:54:06,547 - DEBUG - GETCONF __owningcontrollerprocess (runtime: 0.0002)
2025-07-11 09:54:06,551 - INFO - ✅ Tor IP rotated.
2025-07-11 09:54:06,551 - INFO - Error while receiving a control message (SocketClosed): received exception "read of closed file"
2025-07-11 09:54:07,912 - INFO - IP từ proxy_port 9068 và ControlPort 9069 là unknown
2025-07-11 09:54:07,918 - INFO - Context google0 created
2025-07-11 09:54:07,923 - INFO - Context google1 created
2025-07-11 09:54:07,926 - INFO - Context google2 created
2025-07-11 09:54:07,931 - INFO - Context google3 created
2025-07-11 09:54:07,934 - INFO - Context google4 created
2025-07-11 09:54:07,934 - INFO - Setting the event loop.
2025-07-11 09:54:31,815 - INFO - Domain: luxirty
2025-07-11 09:54:31,816 - INFO - Domain: luxirty
2025-07-11 09:54:31,817 - INFO - Domain: google
2025-07-11 09:54:31,818 - INFO - Domain: luxirty
2025-07-11 09:54:31,819 - INFO - Domain: google
2025-07-11 09:54:31,820 - INFO - Domain: google
2025-07-11 09:54:31,821 - INFO - Domain: luxirty
2025-07-11 09:54:31,823 - INFO - Domain: luxirty
2025-07-11 09:54:31,825 - INFO - Domain: google
2025-07-11 09:54:31,826 - INFO - Domain: luxirty
2025-07-11 09:54:32,851 - INFO - [🌍 IP seen by website]: {
  "origin": "118.70.178.28"
}

2025-07-11 09:54:32,851 - INFO - Navigating to https://www.google.com
2025-07-11 09:54:32,880 - INFO - [🌍 IP seen by website]: {
  "origin": "118.70.178.28"
}

2025-07-11 09:54:32,880 - INFO - Navigating to https://search.luxirty.com/
2025-07-11 09:54:32,915 - INFO - [🌍 IP seen by website]: {
  "origin": "118.70.178.28"
}

2025-07-11 09:54:32,915 - INFO - Navigating to https://www.google.com
2025-07-11 09:54:32,917 - INFO - [🌍 IP seen by website]: {
  "origin": "118.70.178.28"
}

2025-07-11 09:54:32,917 - INFO - Navigating to https://www.google.com
2025-07-11 09:54:32,923 - INFO - [🌍 IP seen by website]: {
  "origin": "118.70.178.28"
}

2025-07-11 09:54:32,924 - INFO - Navigating to https://www.google.co.uk
2025-07-11 09:54:32,932 - INFO - [🌍 IP seen by website]: {
  "origin": "118.70.178.28"
}

2025-07-11 09:54:32,932 - INFO - Navigating to https://search.luxirty.com/
2025-07-11 09:54:33,408 - INFO - [🌍 IP seen by website]: {
  "origin": "118.70.178.28"
}

2025-07-11 09:54:33,408 - INFO - Navigating to https://search.luxirty.com/
2025-07-11 09:54:33,611 - INFO - [🌍 IP seen by website]: {
  "origin": "118.70.178.28"
}

2025-07-11 09:54:33,612 - INFO - Navigating to https://search.luxirty.com/
2025-07-11 09:54:33,878 - INFO - [🌍 IP seen by website]: {
  "origin": "118.70.178.28"
}

2025-07-11 09:54:33,878 - INFO - Navigating to https://search.luxirty.com/
2025-07-11 09:54:34,333 - INFO - [🌍 IP seen by website]: {
  "origin": "118.70.178.28"
}

2025-07-11 09:54:34,333 - INFO - Navigating to https://search.luxirty.com/
2025-07-11 09:54:36,629 - INFO - Searching for: firework show
2025-07-11 09:54:36,631 - INFO - Searching for: china dalai lama
2025-07-11 09:54:36,652 - INFO - Searching for: jane seymour
2025-07-11 09:54:36,892 - INFO - Searching for: why do we celebrate 4th of july
2025-07-11 09:54:36,961 - INFO - Searching for: jannik sinner
2025-07-11 09:54:37,096 - INFO - Searching for: oasis heaton park
2025-07-11 09:54:37,125 - INFO - Searching for: edwin diaz
2025-07-11 09:54:37,151 - INFO - Searching for: hp
2025-07-11 09:54:37,202 - INFO - Searching for: madre fire map
2025-07-11 09:54:37,303 - INFO - Searching for: mirra andreeva
2025-07-11 09:54:37,374 - WARNING - 🚧 CAPTCHA check bị gián đoạn vì trang đang chuyển tiếp (lần 1/3)
2025-07-11 09:54:37,655 - WARNING - 🚧 CAPTCHA check bị gián đoạn vì trang đang chuyển tiếp (lần 1/3)
2025-07-11 09:54:37,735 - WARNING - 🚧 CAPTCHA check bị gián đoạn vì trang đang chuyển tiếp (lần 1/3)
2025-07-11 09:54:37,750 - WARNING - 🚧 CAPTCHA check bị gián đoạn vì trang đang chuyển tiếp (lần 1/3)
2025-07-11 09:54:38,001 - WARNING - 🚧 CAPTCHA check bị gián đoạn vì trang đang chuyển tiếp (lần 1/3)
2025-07-11 09:54:38,068 - WARNING - 🚧 CAPTCHA check bị gián đoạn vì trang đang chuyển tiếp (lần 1/3)
2025-07-11 09:54:38,111 - WARNING - 🚧 CAPTCHA check bị gián đoạn vì trang đang chuyển tiếp (lần 1/3)
2025-07-11 09:54:38,163 - WARNING - 🚧 CAPTCHA check bị gián đoạn vì trang đang chuyển tiếp (lần 1/3)
2025-07-11 09:54:38,209 - WARNING - 🚧 CAPTCHA check bị gián đoạn vì trang đang chuyển tiếp (lần 1/3)
